2015-05-20T23:21:35-03:00 DEBUG (7): SQL: SELECT t0.id AS id_1, t0.nome AS nome_2, t0.username AS username_3, t0.password AS password_4, t0.confirmesenha AS confirmesenha_5, t0.display_name AS display_name_6, t0.state AS state_7, t0.permissao AS permissao_8, t0.email AS email_9, t0.telefone AS telefone_10, t0.celular AS celular_11, t0.cep AS cep_12, t0.estado AS estado_13, t0.cidade AS cidade_14, t0.bairro AS bairro_15, t0.endereco AS endereco_16, t0.complemento AS complemento_17, t0.activation_key AS activation_key_18, t0.salt AS salt_19, t0.data_alteracao AS data_alteracao_20, t0.data_cadastro AS data_cadastro_21, t0.status AS status_22 FROM usuarios t0 WHERE t0.email = ? LIMIT 1
	PARAMS: ["hanunjunior@gmail.com"]
	TYPES: ["string"]
2015-05-20T23:21:50-03:00 DEBUG (7): SQL: SELECT t0.id AS id_1, t0.nome AS nome_2, t0.username AS username_3, t0.password AS password_4, t0.confirmesenha AS confirmesenha_5, t0.display_name AS display_name_6, t0.state AS state_7, t0.permissao AS permissao_8, t0.email AS email_9, t0.telefone AS telefone_10, t0.celular AS celular_11, t0.cep AS cep_12, t0.estado AS estado_13, t0.cidade AS cidade_14, t0.bairro AS bairro_15, t0.endereco AS endereco_16, t0.complemento AS complemento_17, t0.activation_key AS activation_key_18, t0.salt AS salt_19, t0.data_alteracao AS data_alteracao_20, t0.data_cadastro AS data_cadastro_21, t0.status AS status_22 FROM usuarios t0 WHERE t0.email = ? LIMIT 1
	PARAMS: ["hanunjunior@gmail.com.br"]
	TYPES: ["string"]
2015-05-20T23:22:07-03:00 DEBUG (7): SQL: SELECT t0.id AS id_1, t0.nome AS nome_2, t0.username AS username_3, t0.password AS password_4, t0.confirmesenha AS confirmesenha_5, t0.display_name AS display_name_6, t0.state AS state_7, t0.permissao AS permissao_8, t0.email AS email_9, t0.telefone AS telefone_10, t0.celular AS celular_11, t0.cep AS cep_12, t0.estado AS estado_13, t0.cidade AS cidade_14, t0.bairro AS bairro_15, t0.endereco AS endereco_16, t0.complemento AS complemento_17, t0.activation_key AS activation_key_18, t0.salt AS salt_19, t0.data_alteracao AS data_alteracao_20, t0.data_cadastro AS data_cadastro_21, t0.status AS status_22 FROM usuarios t0 WHERE t0.email = ? LIMIT 1
	PARAMS: ["hanunjunior@gmail.com.br"]
	TYPES: ["string"]
2015-05-20T23:22:22-03:00 DEBUG (7): SQL: SELECT t0.id AS id_1, t0.nome AS nome_2, t0.username AS username_3, t0.password AS password_4, t0.confirmesenha AS confirmesenha_5, t0.display_name AS display_name_6, t0.state AS state_7, t0.permissao AS permissao_8, t0.email AS email_9, t0.telefone AS telefone_10, t0.celular AS celular_11, t0.cep AS cep_12, t0.estado AS estado_13, t0.cidade AS cidade_14, t0.bairro AS bairro_15, t0.endereco AS endereco_16, t0.complemento AS complemento_17, t0.activation_key AS activation_key_18, t0.salt AS salt_19, t0.data_alteracao AS data_alteracao_20, t0.data_cadastro AS data_cadastro_21, t0.status AS status_22 FROM usuarios t0 WHERE t0.email = ? LIMIT 1
	PARAMS: ["hanunjunior@gmail.com.br"]
	TYPES: ["string"]
2015-05-20T23:22:23-03:00 DEBUG (7): SQL: "START TRANSACTION"
2015-05-20T23:22:23-03:00 DEBUG (7): SQL: INSERT INTO usuarios (nome, username, password, confirmesenha, display_name, state, permissao, email, telefone, celular, cep, estado, cidade, bairro, endereco, complemento, activation_key, salt, data_alteracao, data_cadastro, status) VALUES (?, ?, ?, ?, ?, ?, ?, ?, ?, ?, ?, ?, ?, ?, ?, ?, ?, ?, ?, ?, ?)
	PARAMS: {"1":"Winston Hanun J\u00fanior","2":null,"3":"$2y$14$9SdVQP3Hzhk3xknt5Ed3h..KOzJGUH\/EHjf4Ywm8T4C\/\/jxP180pq","4":null,"5":"Winston Hanun J\u00fanior","6":null,"7":"visitante","8":"hanunjunior@gmail.com.br","9":null,"10":null,"11":null,"12":null,"13":null,"14":null,"15":null,"16":null,"17":null,"18":null,"19":null,"20":{"date":"2015-05-20 23:22:23","timezone_type":3,"timezone":"America\/Sao_Paulo"},"21":null}
	TYPES: {"1":"string","2":"string","3":"string","4":"string","5":"string","6":"smallint","7":"string","8":"string","9":"string","10":"string","11":"string","12":"string","13":"string","14":"string","15":"string","16":"string","17":"string","18":"string","19":"datetime","20":"datetime","21":"integer"}
2015-05-20T23:22:24-03:00 DEBUG (7): SQL: "COMMIT"
2015-05-20T23:22:24-03:00 DEBUG (7): SQL: SELECT t0.id AS id_1, t0.nome AS nome_2, t0.username AS username_3, t0.password AS password_4, t0.confirmesenha AS confirmesenha_5, t0.display_name AS display_name_6, t0.state AS state_7, t0.permissao AS permissao_8, t0.email AS email_9, t0.telefone AS telefone_10, t0.celular AS celular_11, t0.cep AS cep_12, t0.estado AS estado_13, t0.cidade AS cidade_14, t0.bairro AS bairro_15, t0.endereco AS endereco_16, t0.complemento AS complemento_17, t0.activation_key AS activation_key_18, t0.salt AS salt_19, t0.data_alteracao AS data_alteracao_20, t0.data_cadastro AS data_cadastro_21, t0.status AS status_22 FROM usuarios t0 WHERE t0.email = ? LIMIT 1
	PARAMS: ["hanunjunior@gmail.com.br"]
	TYPES: ["string"]
2015-05-20T23:23:44-03:00 DEBUG (7): SQL: SELECT t0.id AS id_1, t0.nome AS nome_2, t0.username AS username_3, t0.password AS password_4, t0.confirmesenha AS confirmesenha_5, t0.display_name AS display_name_6, t0.state AS state_7, t0.permissao AS permissao_8, t0.email AS email_9, t0.telefone AS telefone_10, t0.celular AS celular_11, t0.cep AS cep_12, t0.estado AS estado_13, t0.cidade AS cidade_14, t0.bairro AS bairro_15, t0.endereco AS endereco_16, t0.complemento AS complemento_17, t0.activation_key AS activation_key_18, t0.salt AS salt_19, t0.data_alteracao AS data_alteracao_20, t0.data_cadastro AS data_cadastro_21, t0.status AS status_22 FROM usuarios t0 WHERE t0.id = ?
	PARAMS: [2]
	TYPES: ["integer"]
2015-05-20T23:25:32-03:00 DEBUG (7): SQL: SELECT t0.id AS id_1, t0.nome AS nome_2, t0.username AS username_3, t0.password AS password_4, t0.confirmesenha AS confirmesenha_5, t0.display_name AS display_name_6, t0.state AS state_7, t0.permissao AS permissao_8, t0.email AS email_9, t0.telefone AS telefone_10, t0.celular AS celular_11, t0.cep AS cep_12, t0.estado AS estado_13, t0.cidade AS cidade_14, t0.bairro AS bairro_15, t0.endereco AS endereco_16, t0.complemento AS complemento_17, t0.activation_key AS activation_key_18, t0.salt AS salt_19, t0.data_alteracao AS data_alteracao_20, t0.data_cadastro AS data_cadastro_21, t0.status AS status_22 FROM usuarios t0 WHERE t0.email = ? LIMIT 1
	PARAMS: ["hanunjunior@hotmail.com"]
	TYPES: ["string"]
2015-05-20T23:25:34-03:00 DEBUG (7): SQL: "START TRANSACTION"
2015-05-20T23:25:34-03:00 DEBUG (7): SQL: INSERT INTO usuarios (nome, username, password, confirmesenha, display_name, state, permissao, email, telefone, celular, cep, estado, cidade, bairro, endereco, complemento, activation_key, salt, data_alteracao, data_cadastro, status) VALUES (?, ?, ?, ?, ?, ?, ?, ?, ?, ?, ?, ?, ?, ?, ?, ?, ?, ?, ?, ?, ?)
	PARAMS: {"1":null,"2":null,"3":"$2y$14$RZHb5n2vGVrVw1xTOI6oKOwRKOAWjzkOhSBi1P.rcnx639kX0nk9q","4":null,"5":"Winston Hanun J\u00fanior","6":null,"7":"visitante","8":"hanunjunior@hotmail.com","9":null,"10":null,"11":null,"12":null,"13":null,"14":null,"15":null,"16":null,"17":null,"18":null,"19":null,"20":{"date":"2015-05-20 23:25:34","timezone_type":3,"timezone":"America\/Sao_Paulo"},"21":null}
	TYPES: {"1":"string","2":"string","3":"string","4":"string","5":"string","6":"smallint","7":"string","8":"string","9":"string","10":"string","11":"string","12":"string","13":"string","14":"string","15":"string","16":"string","17":"string","18":"string","19":"datetime","20":"datetime","21":"integer"}
2015-05-20T23:25:34-03:00 DEBUG (7): SQL: "COMMIT"
2015-05-20T23:25:34-03:00 DEBUG (7): SQL: SELECT t0.id AS id_1, t0.nome AS nome_2, t0.username AS username_3, t0.password AS password_4, t0.confirmesenha AS confirmesenha_5, t0.display_name AS display_name_6, t0.state AS state_7, t0.permissao AS permissao_8, t0.email AS email_9, t0.telefone AS telefone_10, t0.celular AS celular_11, t0.cep AS cep_12, t0.estado AS estado_13, t0.cidade AS cidade_14, t0.bairro AS bairro_15, t0.endereco AS endereco_16, t0.complemento AS complemento_17, t0.activation_key AS activation_key_18, t0.salt AS salt_19, t0.data_alteracao AS data_alteracao_20, t0.data_cadastro AS data_cadastro_21, t0.status AS status_22 FROM usuarios t0 WHERE t0.email = ? LIMIT 1
	PARAMS: ["hanunjunior@hotmail.com"]
	TYPES: ["string"]
2015-05-20T23:26:05-03:00 DEBUG (7): SQL: SELECT t0.id AS id_1, t0.nome AS nome_2, t0.username AS username_3, t0.password AS password_4, t0.confirmesenha AS confirmesenha_5, t0.display_name AS display_name_6, t0.state AS state_7, t0.permissao AS permissao_8, t0.email AS email_9, t0.telefone AS telefone_10, t0.celular AS celular_11, t0.cep AS cep_12, t0.estado AS estado_13, t0.cidade AS cidade_14, t0.bairro AS bairro_15, t0.endereco AS endereco_16, t0.complemento AS complemento_17, t0.activation_key AS activation_key_18, t0.salt AS salt_19, t0.data_alteracao AS data_alteracao_20, t0.data_cadastro AS data_cadastro_21, t0.status AS status_22 FROM usuarios t0 WHERE t0.id = ?
	PARAMS: [3]
	TYPES: ["integer"]
2015-05-20T23:27:12-03:00 DEBUG (7): SQL: SELECT t0.id AS id_1, t0.nome AS nome_2, t0.username AS username_3, t0.password AS password_4, t0.confirmesenha AS confirmesenha_5, t0.display_name AS display_name_6, t0.state AS state_7, t0.permissao AS permissao_8, t0.email AS email_9, t0.telefone AS telefone_10, t0.celular AS celular_11, t0.cep AS cep_12, t0.estado AS estado_13, t0.cidade AS cidade_14, t0.bairro AS bairro_15, t0.endereco AS endereco_16, t0.complemento AS complemento_17, t0.activation_key AS activation_key_18, t0.salt AS salt_19, t0.data_alteracao AS data_alteracao_20, t0.data_cadastro AS data_cadastro_21, t0.status AS status_22 FROM usuarios t0 WHERE t0.id = ?
	PARAMS: [3]
	TYPES: ["integer"]
2015-05-20T23:27:21-03:00 DEBUG (7): SQL: SELECT t0.id AS id_1, t0.nome AS nome_2, t0.username AS username_3, t0.password AS password_4, t0.confirmesenha AS confirmesenha_5, t0.display_name AS display_name_6, t0.state AS state_7, t0.permissao AS permissao_8, t0.email AS email_9, t0.telefone AS telefone_10, t0.celular AS celular_11, t0.cep AS cep_12, t0.estado AS estado_13, t0.cidade AS cidade_14, t0.bairro AS bairro_15, t0.endereco AS endereco_16, t0.complemento AS complemento_17, t0.activation_key AS activation_key_18, t0.salt AS salt_19, t0.data_alteracao AS data_alteracao_20, t0.data_cadastro AS data_cadastro_21, t0.status AS status_22 FROM usuarios t0 WHERE t0.id = ?
	PARAMS: [3]
	TYPES: ["integer"]
2015-05-20T23:55:37-03:00 DEBUG (7): SQL: SELECT t0.id AS id_1, t0.nome AS nome_2, t0.username AS username_3, t0.password AS password_4, t0.confirmesenha AS confirmesenha_5, t0.display_name AS display_name_6, t0.state AS state_7, t0.permissao AS permissao_8, t0.email AS email_9, t0.telefone AS telefone_10, t0.celular AS celular_11, t0.cep AS cep_12, t0.estado AS estado_13, t0.cidade AS cidade_14, t0.bairro AS bairro_15, t0.endereco AS endereco_16, t0.complemento AS complemento_17, t0.activation_key AS activation_key_18, t0.salt AS salt_19, t0.data_alteracao AS data_alteracao_20, t0.data_cadastro AS data_cadastro_21, t0.status AS status_22 FROM usuarios t0 WHERE t0.id = ?
	PARAMS: [3]
	TYPES: ["integer"]
2015-05-20T23:58:06-03:00 DEBUG (7): SQL: SELECT t0.id AS id_1, t0.nome AS nome_2, t0.username AS username_3, t0.password AS password_4, t0.confirmesenha AS confirmesenha_5, t0.display_name AS display_name_6, t0.state AS state_7, t0.permissao AS permissao_8, t0.email AS email_9, t0.telefone AS telefone_10, t0.celular AS celular_11, t0.cep AS cep_12, t0.estado AS estado_13, t0.cidade AS cidade_14, t0.bairro AS bairro_15, t0.endereco AS endereco_16, t0.complemento AS complemento_17, t0.activation_key AS activation_key_18, t0.salt AS salt_19, t0.data_alteracao AS data_alteracao_20, t0.data_cadastro AS data_cadastro_21, t0.status AS status_22 FROM usuarios t0 WHERE t0.id = ?
	PARAMS: [3]
	TYPES: ["integer"]
2015-05-20T23:58:10-03:00 DEBUG (7): SQL: SELECT t0.id AS id_1, t0.nome AS nome_2, t0.username AS username_3, t0.password AS password_4, t0.confirmesenha AS confirmesenha_5, t0.display_name AS display_name_6, t0.state AS state_7, t0.permissao AS permissao_8, t0.email AS email_9, t0.telefone AS telefone_10, t0.celular AS celular_11, t0.cep AS cep_12, t0.estado AS estado_13, t0.cidade AS cidade_14, t0.bairro AS bairro_15, t0.endereco AS endereco_16, t0.complemento AS complemento_17, t0.activation_key AS activation_key_18, t0.salt AS salt_19, t0.data_alteracao AS data_alteracao_20, t0.data_cadastro AS data_cadastro_21, t0.status AS status_22 FROM usuarios t0 WHERE t0.id = ?
	PARAMS: [3]
	TYPES: ["integer"]
2015-05-20T23:58:10-03:00 DEBUG (7): SQL: SELECT t0.id AS id_1, t0.nome AS nome_2, t0.username AS username_3, t0.password AS password_4, t0.confirmesenha AS confirmesenha_5, t0.display_name AS display_name_6, t0.state AS state_7, t0.permissao AS permissao_8, t0.email AS email_9, t0.telefone AS telefone_10, t0.celular AS celular_11, t0.cep AS cep_12, t0.estado AS estado_13, t0.cidade AS cidade_14, t0.bairro AS bairro_15, t0.endereco AS endereco_16, t0.complemento AS complemento_17, t0.activation_key AS activation_key_18, t0.salt AS salt_19, t0.data_alteracao AS data_alteracao_20, t0.data_cadastro AS data_cadastro_21, t0.status AS status_22 FROM usuarios t0 WHERE t0.id = ?
	PARAMS: [3]
	TYPES: ["integer"]
2015-05-20T23:58:10-03:00 DEBUG (7): SQL: SELECT t0.id AS id_1, t0.nome AS nome_2, t0.username AS username_3, t0.password AS password_4, t0.confirmesenha AS confirmesenha_5, t0.display_name AS display_name_6, t0.state AS state_7, t0.permissao AS permissao_8, t0.email AS email_9, t0.telefone AS telefone_10, t0.celular AS celular_11, t0.cep AS cep_12, t0.estado AS estado_13, t0.cidade AS cidade_14, t0.bairro AS bairro_15, t0.endereco AS endereco_16, t0.complemento AS complemento_17, t0.activation_key AS activation_key_18, t0.salt AS salt_19, t0.data_alteracao AS data_alteracao_20, t0.data_cadastro AS data_cadastro_21, t0.status AS status_22 FROM usuarios t0 WHERE t0.id = ?
	PARAMS: [3]
	TYPES: ["integer"]
2015-05-20T23:58:10-03:00 DEBUG (7): SQL: SELECT t0.id AS id_1, t0.nome AS nome_2, t0.username AS username_3, t0.password AS password_4, t0.confirmesenha AS confirmesenha_5, t0.display_name AS display_name_6, t0.state AS state_7, t0.permissao AS permissao_8, t0.email AS email_9, t0.telefone AS telefone_10, t0.celular AS celular_11, t0.cep AS cep_12, t0.estado AS estado_13, t0.cidade AS cidade_14, t0.bairro AS bairro_15, t0.endereco AS endereco_16, t0.complemento AS complemento_17, t0.activation_key AS activation_key_18, t0.salt AS salt_19, t0.data_alteracao AS data_alteracao_20, t0.data_cadastro AS data_cadastro_21, t0.status AS status_22 FROM usuarios t0 WHERE t0.id = ?
	PARAMS: [3]
	TYPES: ["integer"]
2015-05-20T23:58:10-03:00 DEBUG (7): SQL: SELECT t0.id AS id_1, t0.nome AS nome_2, t0.username AS username_3, t0.password AS password_4, t0.confirmesenha AS confirmesenha_5, t0.display_name AS display_name_6, t0.state AS state_7, t0.permissao AS permissao_8, t0.email AS email_9, t0.telefone AS telefone_10, t0.celular AS celular_11, t0.cep AS cep_12, t0.estado AS estado_13, t0.cidade AS cidade_14, t0.bairro AS bairro_15, t0.endereco AS endereco_16, t0.complemento AS complemento_17, t0.activation_key AS activation_key_18, t0.salt AS salt_19, t0.data_alteracao AS data_alteracao_20, t0.data_cadastro AS data_cadastro_21, t0.status AS status_22 FROM usuarios t0 WHERE t0.id = ?
	PARAMS: [3]
	TYPES: ["integer"]
2015-05-20T23:58:10-03:00 DEBUG (7): SQL: SELECT t0.id AS id_1, t0.nome AS nome_2, t0.username AS username_3, t0.password AS password_4, t0.confirmesenha AS confirmesenha_5, t0.display_name AS display_name_6, t0.state AS state_7, t0.permissao AS permissao_8, t0.email AS email_9, t0.telefone AS telefone_10, t0.celular AS celular_11, t0.cep AS cep_12, t0.estado AS estado_13, t0.cidade AS cidade_14, t0.bairro AS bairro_15, t0.endereco AS endereco_16, t0.complemento AS complemento_17, t0.activation_key AS activation_key_18, t0.salt AS salt_19, t0.data_alteracao AS data_alteracao_20, t0.data_cadastro AS data_cadastro_21, t0.status AS status_22 FROM usuarios t0 WHERE t0.id = ?
	PARAMS: [3]
	TYPES: ["integer"]
2015-05-20T23:58:10-03:00 DEBUG (7): SQL: SELECT t0.id AS id_1, t0.nome AS nome_2, t0.username AS username_3, t0.password AS password_4, t0.confirmesenha AS confirmesenha_5, t0.display_name AS display_name_6, t0.state AS state_7, t0.permissao AS permissao_8, t0.email AS email_9, t0.telefone AS telefone_10, t0.celular AS celular_11, t0.cep AS cep_12, t0.estado AS estado_13, t0.cidade AS cidade_14, t0.bairro AS bairro_15, t0.endereco AS endereco_16, t0.complemento AS complemento_17, t0.activation_key AS activation_key_18, t0.salt AS salt_19, t0.data_alteracao AS data_alteracao_20, t0.data_cadastro AS data_cadastro_21, t0.status AS status_22 FROM usuarios t0 WHERE t0.id = ?
	PARAMS: [3]
	TYPES: ["integer"]
2015-05-20T23:58:11-03:00 DEBUG (7): SQL: SELECT t0.id AS id_1, t0.nome AS nome_2, t0.username AS username_3, t0.password AS password_4, t0.confirmesenha AS confirmesenha_5, t0.display_name AS display_name_6, t0.state AS state_7, t0.permissao AS permissao_8, t0.email AS email_9, t0.telefone AS telefone_10, t0.celular AS celular_11, t0.cep AS cep_12, t0.estado AS estado_13, t0.cidade AS cidade_14, t0.bairro AS bairro_15, t0.endereco AS endereco_16, t0.complemento AS complemento_17, t0.activation_key AS activation_key_18, t0.salt AS salt_19, t0.data_alteracao AS data_alteracao_20, t0.data_cadastro AS data_cadastro_21, t0.status AS status_22 FROM usuarios t0 WHERE t0.id = ?
	PARAMS: [3]
	TYPES: ["integer"]
2015-05-20T23:58:11-03:00 DEBUG (7): SQL: SELECT t0.id AS id_1, t0.nome AS nome_2, t0.username AS username_3, t0.password AS password_4, t0.confirmesenha AS confirmesenha_5, t0.display_name AS display_name_6, t0.state AS state_7, t0.permissao AS permissao_8, t0.email AS email_9, t0.telefone AS telefone_10, t0.celular AS celular_11, t0.cep AS cep_12, t0.estado AS estado_13, t0.cidade AS cidade_14, t0.bairro AS bairro_15, t0.endereco AS endereco_16, t0.complemento AS complemento_17, t0.activation_key AS activation_key_18, t0.salt AS salt_19, t0.data_alteracao AS data_alteracao_20, t0.data_cadastro AS data_cadastro_21, t0.status AS status_22 FROM usuarios t0 WHERE t0.id = ?
	PARAMS: [3]
	TYPES: ["integer"]
2015-05-20T23:58:11-03:00 DEBUG (7): SQL: SELECT t0.id AS id_1, t0.nome AS nome_2, t0.username AS username_3, t0.password AS password_4, t0.confirmesenha AS confirmesenha_5, t0.display_name AS display_name_6, t0.state AS state_7, t0.permissao AS permissao_8, t0.email AS email_9, t0.telefone AS telefone_10, t0.celular AS celular_11, t0.cep AS cep_12, t0.estado AS estado_13, t0.cidade AS cidade_14, t0.bairro AS bairro_15, t0.endereco AS endereco_16, t0.complemento AS complemento_17, t0.activation_key AS activation_key_18, t0.salt AS salt_19, t0.data_alteracao AS data_alteracao_20, t0.data_cadastro AS data_cadastro_21, t0.status AS status_22 FROM usuarios t0 WHERE t0.id = ?
	PARAMS: [3]
	TYPES: ["integer"]
2015-05-20T23:58:11-03:00 DEBUG (7): SQL: SELECT t0.id AS id_1, t0.nome AS nome_2, t0.username AS username_3, t0.password AS password_4, t0.confirmesenha AS confirmesenha_5, t0.display_name AS display_name_6, t0.state AS state_7, t0.permissao AS permissao_8, t0.email AS email_9, t0.telefone AS telefone_10, t0.celular AS celular_11, t0.cep AS cep_12, t0.estado AS estado_13, t0.cidade AS cidade_14, t0.bairro AS bairro_15, t0.endereco AS endereco_16, t0.complemento AS complemento_17, t0.activation_key AS activation_key_18, t0.salt AS salt_19, t0.data_alteracao AS data_alteracao_20, t0.data_cadastro AS data_cadastro_21, t0.status AS status_22 FROM usuarios t0 WHERE t0.id = ?
	PARAMS: [3]
	TYPES: ["integer"]
2015-05-20T23:58:11-03:00 DEBUG (7): SQL: SELECT t0.id AS id_1, t0.nome AS nome_2, t0.username AS username_3, t0.password AS password_4, t0.confirmesenha AS confirmesenha_5, t0.display_name AS display_name_6, t0.state AS state_7, t0.permissao AS permissao_8, t0.email AS email_9, t0.telefone AS telefone_10, t0.celular AS celular_11, t0.cep AS cep_12, t0.estado AS estado_13, t0.cidade AS cidade_14, t0.bairro AS bairro_15, t0.endereco AS endereco_16, t0.complemento AS complemento_17, t0.activation_key AS activation_key_18, t0.salt AS salt_19, t0.data_alteracao AS data_alteracao_20, t0.data_cadastro AS data_cadastro_21, t0.status AS status_22 FROM usuarios t0 WHERE t0.id = ?
	PARAMS: [3]
	TYPES: ["integer"]
2015-05-20T23:58:11-03:00 DEBUG (7): SQL: SELECT t0.id AS id_1, t0.nome AS nome_2, t0.username AS username_3, t0.password AS password_4, t0.confirmesenha AS confirmesenha_5, t0.display_name AS display_name_6, t0.state AS state_7, t0.permissao AS permissao_8, t0.email AS email_9, t0.telefone AS telefone_10, t0.celular AS celular_11, t0.cep AS cep_12, t0.estado AS estado_13, t0.cidade AS cidade_14, t0.bairro AS bairro_15, t0.endereco AS endereco_16, t0.complemento AS complemento_17, t0.activation_key AS activation_key_18, t0.salt AS salt_19, t0.data_alteracao AS data_alteracao_20, t0.data_cadastro AS data_cadastro_21, t0.status AS status_22 FROM usuarios t0 WHERE t0.id = ?
	PARAMS: [3]
	TYPES: ["integer"]
2015-05-20T23:58:11-03:00 DEBUG (7): SQL: SELECT t0.id AS id_1, t0.nome AS nome_2, t0.username AS username_3, t0.password AS password_4, t0.confirmesenha AS confirmesenha_5, t0.display_name AS display_name_6, t0.state AS state_7, t0.permissao AS permissao_8, t0.email AS email_9, t0.telefone AS telefone_10, t0.celular AS celular_11, t0.cep AS cep_12, t0.estado AS estado_13, t0.cidade AS cidade_14, t0.bairro AS bairro_15, t0.endereco AS endereco_16, t0.complemento AS complemento_17, t0.activation_key AS activation_key_18, t0.salt AS salt_19, t0.data_alteracao AS data_alteracao_20, t0.data_cadastro AS data_cadastro_21, t0.status AS status_22 FROM usuarios t0 WHERE t0.id = ?
	PARAMS: [3]
	TYPES: ["integer"]
2015-05-20T23:58:11-03:00 DEBUG (7): SQL: SELECT t0.id AS id_1, t0.nome AS nome_2, t0.username AS username_3, t0.password AS password_4, t0.confirmesenha AS confirmesenha_5, t0.display_name AS display_name_6, t0.state AS state_7, t0.permissao AS permissao_8, t0.email AS email_9, t0.telefone AS telefone_10, t0.celular AS celular_11, t0.cep AS cep_12, t0.estado AS estado_13, t0.cidade AS cidade_14, t0.bairro AS bairro_15, t0.endereco AS endereco_16, t0.complemento AS complemento_17, t0.activation_key AS activation_key_18, t0.salt AS salt_19, t0.data_alteracao AS data_alteracao_20, t0.data_cadastro AS data_cadastro_21, t0.status AS status_22 FROM usuarios t0 WHERE t0.id = ?
	PARAMS: [3]
	TYPES: ["integer"]
2015-05-20T23:58:11-03:00 DEBUG (7): SQL: SELECT t0.id AS id_1, t0.nome AS nome_2, t0.username AS username_3, t0.password AS password_4, t0.confirmesenha AS confirmesenha_5, t0.display_name AS display_name_6, t0.state AS state_7, t0.permissao AS permissao_8, t0.email AS email_9, t0.telefone AS telefone_10, t0.celular AS celular_11, t0.cep AS cep_12, t0.estado AS estado_13, t0.cidade AS cidade_14, t0.bairro AS bairro_15, t0.endereco AS endereco_16, t0.complemento AS complemento_17, t0.activation_key AS activation_key_18, t0.salt AS salt_19, t0.data_alteracao AS data_alteracao_20, t0.data_cadastro AS data_cadastro_21, t0.status AS status_22 FROM usuarios t0 WHERE t0.id = ?
	PARAMS: [3]
	TYPES: ["integer"]
2015-05-20T23:58:11-03:00 DEBUG (7): SQL: SELECT t0.id AS id_1, t0.nome AS nome_2, t0.username AS username_3, t0.password AS password_4, t0.confirmesenha AS confirmesenha_5, t0.display_name AS display_name_6, t0.state AS state_7, t0.permissao AS permissao_8, t0.email AS email_9, t0.telefone AS telefone_10, t0.celular AS celular_11, t0.cep AS cep_12, t0.estado AS estado_13, t0.cidade AS cidade_14, t0.bairro AS bairro_15, t0.endereco AS endereco_16, t0.complemento AS complemento_17, t0.activation_key AS activation_key_18, t0.salt AS salt_19, t0.data_alteracao AS data_alteracao_20, t0.data_cadastro AS data_cadastro_21, t0.status AS status_22 FROM usuarios t0 WHERE t0.id = ?
	PARAMS: [3]
	TYPES: ["integer"]
2015-05-20T23:58:22-03:00 DEBUG (7): SQL: SELECT t0.id AS id_1, t0.nome AS nome_2, t0.username AS username_3, t0.password AS password_4, t0.confirmesenha AS confirmesenha_5, t0.display_name AS display_name_6, t0.state AS state_7, t0.permissao AS permissao_8, t0.email AS email_9, t0.telefone AS telefone_10, t0.celular AS celular_11, t0.cep AS cep_12, t0.estado AS estado_13, t0.cidade AS cidade_14, t0.bairro AS bairro_15, t0.endereco AS endereco_16, t0.complemento AS complemento_17, t0.activation_key AS activation_key_18, t0.salt AS salt_19, t0.data_alteracao AS data_alteracao_20, t0.data_cadastro AS data_cadastro_21, t0.status AS status_22 FROM usuarios t0 WHERE t0.id = ?
	PARAMS: [3]
	TYPES: ["integer"]
2015-05-20T23:58:23-03:00 DEBUG (7): SQL: SELECT t0.id AS id_1, t0.nome AS nome_2, t0.username AS username_3, t0.password AS password_4, t0.confirmesenha AS confirmesenha_5, t0.display_name AS display_name_6, t0.state AS state_7, t0.permissao AS permissao_8, t0.email AS email_9, t0.telefone AS telefone_10, t0.celular AS celular_11, t0.cep AS cep_12, t0.estado AS estado_13, t0.cidade AS cidade_14, t0.bairro AS bairro_15, t0.endereco AS endereco_16, t0.complemento AS complemento_17, t0.activation_key AS activation_key_18, t0.salt AS salt_19, t0.data_alteracao AS data_alteracao_20, t0.data_cadastro AS data_cadastro_21, t0.status AS status_22 FROM usuarios t0 WHERE t0.id = ?
	PARAMS: [3]
	TYPES: ["integer"]
2015-05-20T23:58:23-03:00 DEBUG (7): SQL: SELECT t0.id AS id_1, t0.nome AS nome_2, t0.username AS username_3, t0.password AS password_4, t0.confirmesenha AS confirmesenha_5, t0.display_name AS display_name_6, t0.state AS state_7, t0.permissao AS permissao_8, t0.email AS email_9, t0.telefone AS telefone_10, t0.celular AS celular_11, t0.cep AS cep_12, t0.estado AS estado_13, t0.cidade AS cidade_14, t0.bairro AS bairro_15, t0.endereco AS endereco_16, t0.complemento AS complemento_17, t0.activation_key AS activation_key_18, t0.salt AS salt_19, t0.data_alteracao AS data_alteracao_20, t0.data_cadastro AS data_cadastro_21, t0.status AS status_22 FROM usuarios t0 WHERE t0.id = ?
	PARAMS: [3]
	TYPES: ["integer"]
2015-05-20T23:58:23-03:00 DEBUG (7): SQL: SELECT t0.id AS id_1, t0.nome AS nome_2, t0.username AS username_3, t0.password AS password_4, t0.confirmesenha AS confirmesenha_5, t0.display_name AS display_name_6, t0.state AS state_7, t0.permissao AS permissao_8, t0.email AS email_9, t0.telefone AS telefone_10, t0.celular AS celular_11, t0.cep AS cep_12, t0.estado AS estado_13, t0.cidade AS cidade_14, t0.bairro AS bairro_15, t0.endereco AS endereco_16, t0.complemento AS complemento_17, t0.activation_key AS activation_key_18, t0.salt AS salt_19, t0.data_alteracao AS data_alteracao_20, t0.data_cadastro AS data_cadastro_21, t0.status AS status_22 FROM usuarios t0 WHERE t0.id = ?
	PARAMS: [3]
	TYPES: ["integer"]
2015-05-20T23:58:23-03:00 DEBUG (7): SQL: SELECT t0.id AS id_1, t0.nome AS nome_2, t0.username AS username_3, t0.password AS password_4, t0.confirmesenha AS confirmesenha_5, t0.display_name AS display_name_6, t0.state AS state_7, t0.permissao AS permissao_8, t0.email AS email_9, t0.telefone AS telefone_10, t0.celular AS celular_11, t0.cep AS cep_12, t0.estado AS estado_13, t0.cidade AS cidade_14, t0.bairro AS bairro_15, t0.endereco AS endereco_16, t0.complemento AS complemento_17, t0.activation_key AS activation_key_18, t0.salt AS salt_19, t0.data_alteracao AS data_alteracao_20, t0.data_cadastro AS data_cadastro_21, t0.status AS status_22 FROM usuarios t0 WHERE t0.id = ?
	PARAMS: [3]
	TYPES: ["integer"]
2015-05-20T23:58:23-03:00 DEBUG (7): SQL: SELECT t0.id AS id_1, t0.nome AS nome_2, t0.username AS username_3, t0.password AS password_4, t0.confirmesenha AS confirmesenha_5, t0.display_name AS display_name_6, t0.state AS state_7, t0.permissao AS permissao_8, t0.email AS email_9, t0.telefone AS telefone_10, t0.celular AS celular_11, t0.cep AS cep_12, t0.estado AS estado_13, t0.cidade AS cidade_14, t0.bairro AS bairro_15, t0.endereco AS endereco_16, t0.complemento AS complemento_17, t0.activation_key AS activation_key_18, t0.salt AS salt_19, t0.data_alteracao AS data_alteracao_20, t0.data_cadastro AS data_cadastro_21, t0.status AS status_22 FROM usuarios t0 WHERE t0.id = ?
	PARAMS: [3]
	TYPES: ["integer"]
2015-05-20T23:58:23-03:00 DEBUG (7): SQL: SELECT t0.id AS id_1, t0.nome AS nome_2, t0.username AS username_3, t0.password AS password_4, t0.confirmesenha AS confirmesenha_5, t0.display_name AS display_name_6, t0.state AS state_7, t0.permissao AS permissao_8, t0.email AS email_9, t0.telefone AS telefone_10, t0.celular AS celular_11, t0.cep AS cep_12, t0.estado AS estado_13, t0.cidade AS cidade_14, t0.bairro AS bairro_15, t0.endereco AS endereco_16, t0.complemento AS complemento_17, t0.activation_key AS activation_key_18, t0.salt AS salt_19, t0.data_alteracao AS data_alteracao_20, t0.data_cadastro AS data_cadastro_21, t0.status AS status_22 FROM usuarios t0 WHERE t0.id = ?
	PARAMS: [3]
	TYPES: ["integer"]
2015-05-20T23:58:23-03:00 DEBUG (7): SQL: SELECT t0.id AS id_1, t0.nome AS nome_2, t0.username AS username_3, t0.password AS password_4, t0.confirmesenha AS confirmesenha_5, t0.display_name AS display_name_6, t0.state AS state_7, t0.permissao AS permissao_8, t0.email AS email_9, t0.telefone AS telefone_10, t0.celular AS celular_11, t0.cep AS cep_12, t0.estado AS estado_13, t0.cidade AS cidade_14, t0.bairro AS bairro_15, t0.endereco AS endereco_16, t0.complemento AS complemento_17, t0.activation_key AS activation_key_18, t0.salt AS salt_19, t0.data_alteracao AS data_alteracao_20, t0.data_cadastro AS data_cadastro_21, t0.status AS status_22 FROM usuarios t0 WHERE t0.id = ?
	PARAMS: [3]
	TYPES: ["integer"]
2015-05-20T23:58:24-03:00 DEBUG (7): SQL: SELECT t0.id AS id_1, t0.nome AS nome_2, t0.username AS username_3, t0.password AS password_4, t0.confirmesenha AS confirmesenha_5, t0.display_name AS display_name_6, t0.state AS state_7, t0.permissao AS permissao_8, t0.email AS email_9, t0.telefone AS telefone_10, t0.celular AS celular_11, t0.cep AS cep_12, t0.estado AS estado_13, t0.cidade AS cidade_14, t0.bairro AS bairro_15, t0.endereco AS endereco_16, t0.complemento AS complemento_17, t0.activation_key AS activation_key_18, t0.salt AS salt_19, t0.data_alteracao AS data_alteracao_20, t0.data_cadastro AS data_cadastro_21, t0.status AS status_22 FROM usuarios t0 WHERE t0.id = ?
	PARAMS: [3]
	TYPES: ["integer"]
2015-05-20T23:58:24-03:00 DEBUG (7): SQL: SELECT t0.id AS id_1, t0.nome AS nome_2, t0.username AS username_3, t0.password AS password_4, t0.confirmesenha AS confirmesenha_5, t0.display_name AS display_name_6, t0.state AS state_7, t0.permissao AS permissao_8, t0.email AS email_9, t0.telefone AS telefone_10, t0.celular AS celular_11, t0.cep AS cep_12, t0.estado AS estado_13, t0.cidade AS cidade_14, t0.bairro AS bairro_15, t0.endereco AS endereco_16, t0.complemento AS complemento_17, t0.activation_key AS activation_key_18, t0.salt AS salt_19, t0.data_alteracao AS data_alteracao_20, t0.data_cadastro AS data_cadastro_21, t0.status AS status_22 FROM usuarios t0 WHERE t0.id = ?
	PARAMS: [3]
	TYPES: ["integer"]
2015-05-20T23:58:24-03:00 DEBUG (7): SQL: SELECT t0.id AS id_1, t0.nome AS nome_2, t0.username AS username_3, t0.password AS password_4, t0.confirmesenha AS confirmesenha_5, t0.display_name AS display_name_6, t0.state AS state_7, t0.permissao AS permissao_8, t0.email AS email_9, t0.telefone AS telefone_10, t0.celular AS celular_11, t0.cep AS cep_12, t0.estado AS estado_13, t0.cidade AS cidade_14, t0.bairro AS bairro_15, t0.endereco AS endereco_16, t0.complemento AS complemento_17, t0.activation_key AS activation_key_18, t0.salt AS salt_19, t0.data_alteracao AS data_alteracao_20, t0.data_cadastro AS data_cadastro_21, t0.status AS status_22 FROM usuarios t0 WHERE t0.id = ?
	PARAMS: [3]
	TYPES: ["integer"]
2015-05-20T23:58:24-03:00 DEBUG (7): SQL: SELECT t0.id AS id_1, t0.nome AS nome_2, t0.username AS username_3, t0.password AS password_4, t0.confirmesenha AS confirmesenha_5, t0.display_name AS display_name_6, t0.state AS state_7, t0.permissao AS permissao_8, t0.email AS email_9, t0.telefone AS telefone_10, t0.celular AS celular_11, t0.cep AS cep_12, t0.estado AS estado_13, t0.cidade AS cidade_14, t0.bairro AS bairro_15, t0.endereco AS endereco_16, t0.complemento AS complemento_17, t0.activation_key AS activation_key_18, t0.salt AS salt_19, t0.data_alteracao AS data_alteracao_20, t0.data_cadastro AS data_cadastro_21, t0.status AS status_22 FROM usuarios t0 WHERE t0.id = ?
	PARAMS: [3]
	TYPES: ["integer"]
2015-05-20T23:58:24-03:00 DEBUG (7): SQL: SELECT t0.id AS id_1, t0.nome AS nome_2, t0.username AS username_3, t0.password AS password_4, t0.confirmesenha AS confirmesenha_5, t0.display_name AS display_name_6, t0.state AS state_7, t0.permissao AS permissao_8, t0.email AS email_9, t0.telefone AS telefone_10, t0.celular AS celular_11, t0.cep AS cep_12, t0.estado AS estado_13, t0.cidade AS cidade_14, t0.bairro AS bairro_15, t0.endereco AS endereco_16, t0.complemento AS complemento_17, t0.activation_key AS activation_key_18, t0.salt AS salt_19, t0.data_alteracao AS data_alteracao_20, t0.data_cadastro AS data_cadastro_21, t0.status AS status_22 FROM usuarios t0 WHERE t0.id = ?
	PARAMS: [3]
	TYPES: ["integer"]
2015-05-20T23:58:24-03:00 DEBUG (7): SQL: SELECT t0.id AS id_1, t0.nome AS nome_2, t0.username AS username_3, t0.password AS password_4, t0.confirmesenha AS confirmesenha_5, t0.display_name AS display_name_6, t0.state AS state_7, t0.permissao AS permissao_8, t0.email AS email_9, t0.telefone AS telefone_10, t0.celular AS celular_11, t0.cep AS cep_12, t0.estado AS estado_13, t0.cidade AS cidade_14, t0.bairro AS bairro_15, t0.endereco AS endereco_16, t0.complemento AS complemento_17, t0.activation_key AS activation_key_18, t0.salt AS salt_19, t0.data_alteracao AS data_alteracao_20, t0.data_cadastro AS data_cadastro_21, t0.status AS status_22 FROM usuarios t0 WHERE t0.id = ?
	PARAMS: [3]
	TYPES: ["integer"]
2015-05-20T23:58:24-03:00 DEBUG (7): SQL: SELECT t0.id AS id_1, t0.nome AS nome_2, t0.username AS username_3, t0.password AS password_4, t0.confirmesenha AS confirmesenha_5, t0.display_name AS display_name_6, t0.state AS state_7, t0.permissao AS permissao_8, t0.email AS email_9, t0.telefone AS telefone_10, t0.celular AS celular_11, t0.cep AS cep_12, t0.estado AS estado_13, t0.cidade AS cidade_14, t0.bairro AS bairro_15, t0.endereco AS endereco_16, t0.complemento AS complemento_17, t0.activation_key AS activation_key_18, t0.salt AS salt_19, t0.data_alteracao AS data_alteracao_20, t0.data_cadastro AS data_cadastro_21, t0.status AS status_22 FROM usuarios t0 WHERE t0.id = ?
	PARAMS: [3]
	TYPES: ["integer"]
2015-05-20T23:58:24-03:00 DEBUG (7): SQL: SELECT t0.id AS id_1, t0.nome AS nome_2, t0.username AS username_3, t0.password AS password_4, t0.confirmesenha AS confirmesenha_5, t0.display_name AS display_name_6, t0.state AS state_7, t0.permissao AS permissao_8, t0.email AS email_9, t0.telefone AS telefone_10, t0.celular AS celular_11, t0.cep AS cep_12, t0.estado AS estado_13, t0.cidade AS cidade_14, t0.bairro AS bairro_15, t0.endereco AS endereco_16, t0.complemento AS complemento_17, t0.activation_key AS activation_key_18, t0.salt AS salt_19, t0.data_alteracao AS data_alteracao_20, t0.data_cadastro AS data_cadastro_21, t0.status AS status_22 FROM usuarios t0 WHERE t0.id = ?
	PARAMS: [3]
	TYPES: ["integer"]
2015-05-20T23:58:24-03:00 DEBUG (7): SQL: SELECT t0.id AS id_1, t0.nome AS nome_2, t0.username AS username_3, t0.password AS password_4, t0.confirmesenha AS confirmesenha_5, t0.display_name AS display_name_6, t0.state AS state_7, t0.permissao AS permissao_8, t0.email AS email_9, t0.telefone AS telefone_10, t0.celular AS celular_11, t0.cep AS cep_12, t0.estado AS estado_13, t0.cidade AS cidade_14, t0.bairro AS bairro_15, t0.endereco AS endereco_16, t0.complemento AS complemento_17, t0.activation_key AS activation_key_18, t0.salt AS salt_19, t0.data_alteracao AS data_alteracao_20, t0.data_cadastro AS data_cadastro_21, t0.status AS status_22 FROM usuarios t0 WHERE t0.id = ?
	PARAMS: [3]
	TYPES: ["integer"]
2015-05-20T23:58:24-03:00 DEBUG (7): SQL: SELECT t0.id AS id_1, t0.nome AS nome_2, t0.username AS username_3, t0.password AS password_4, t0.confirmesenha AS confirmesenha_5, t0.display_name AS display_name_6, t0.state AS state_7, t0.permissao AS permissao_8, t0.email AS email_9, t0.telefone AS telefone_10, t0.celular AS celular_11, t0.cep AS cep_12, t0.estado AS estado_13, t0.cidade AS cidade_14, t0.bairro AS bairro_15, t0.endereco AS endereco_16, t0.complemento AS complemento_17, t0.activation_key AS activation_key_18, t0.salt AS salt_19, t0.data_alteracao AS data_alteracao_20, t0.data_cadastro AS data_cadastro_21, t0.status AS status_22 FROM usuarios t0 WHERE t0.id = ?
	PARAMS: [3]
	TYPES: ["integer"]
2015-05-20T23:58:55-03:00 DEBUG (7): SQL: SELECT t0.id AS id_1, t0.nome AS nome_2, t0.username AS username_3, t0.password AS password_4, t0.confirmesenha AS confirmesenha_5, t0.display_name AS display_name_6, t0.state AS state_7, t0.permissao AS permissao_8, t0.email AS email_9, t0.telefone AS telefone_10, t0.celular AS celular_11, t0.cep AS cep_12, t0.estado AS estado_13, t0.cidade AS cidade_14, t0.bairro AS bairro_15, t0.endereco AS endereco_16, t0.complemento AS complemento_17, t0.activation_key AS activation_key_18, t0.salt AS salt_19, t0.data_alteracao AS data_alteracao_20, t0.data_cadastro AS data_cadastro_21, t0.status AS status_22 FROM usuarios t0 WHERE t0.id = ?
	PARAMS: [3]
	TYPES: ["integer"]
2015-05-20T23:58:56-03:00 DEBUG (7): SQL: SELECT t0.id AS id_1, t0.nome AS nome_2, t0.username AS username_3, t0.password AS password_4, t0.confirmesenha AS confirmesenha_5, t0.display_name AS display_name_6, t0.state AS state_7, t0.permissao AS permissao_8, t0.email AS email_9, t0.telefone AS telefone_10, t0.celular AS celular_11, t0.cep AS cep_12, t0.estado AS estado_13, t0.cidade AS cidade_14, t0.bairro AS bairro_15, t0.endereco AS endereco_16, t0.complemento AS complemento_17, t0.activation_key AS activation_key_18, t0.salt AS salt_19, t0.data_alteracao AS data_alteracao_20, t0.data_cadastro AS data_cadastro_21, t0.status AS status_22 FROM usuarios t0 WHERE t0.id = ?
	PARAMS: [3]
	TYPES: ["integer"]
2015-05-20T23:58:56-03:00 DEBUG (7): SQL: SELECT t0.id AS id_1, t0.nome AS nome_2, t0.username AS username_3, t0.password AS password_4, t0.confirmesenha AS confirmesenha_5, t0.display_name AS display_name_6, t0.state AS state_7, t0.permissao AS permissao_8, t0.email AS email_9, t0.telefone AS telefone_10, t0.celular AS celular_11, t0.cep AS cep_12, t0.estado AS estado_13, t0.cidade AS cidade_14, t0.bairro AS bairro_15, t0.endereco AS endereco_16, t0.complemento AS complemento_17, t0.activation_key AS activation_key_18, t0.salt AS salt_19, t0.data_alteracao AS data_alteracao_20, t0.data_cadastro AS data_cadastro_21, t0.status AS status_22 FROM usuarios t0 WHERE t0.id = ?
	PARAMS: [3]
	TYPES: ["integer"]
2015-05-20T23:58:56-03:00 DEBUG (7): SQL: SELECT t0.id AS id_1, t0.nome AS nome_2, t0.username AS username_3, t0.password AS password_4, t0.confirmesenha AS confirmesenha_5, t0.display_name AS display_name_6, t0.state AS state_7, t0.permissao AS permissao_8, t0.email AS email_9, t0.telefone AS telefone_10, t0.celular AS celular_11, t0.cep AS cep_12, t0.estado AS estado_13, t0.cidade AS cidade_14, t0.bairro AS bairro_15, t0.endereco AS endereco_16, t0.complemento AS complemento_17, t0.activation_key AS activation_key_18, t0.salt AS salt_19, t0.data_alteracao AS data_alteracao_20, t0.data_cadastro AS data_cadastro_21, t0.status AS status_22 FROM usuarios t0 WHERE t0.id = ?
	PARAMS: [3]
	TYPES: ["integer"]
2015-05-20T23:58:56-03:00 DEBUG (7): SQL: SELECT t0.id AS id_1, t0.nome AS nome_2, t0.username AS username_3, t0.password AS password_4, t0.confirmesenha AS confirmesenha_5, t0.display_name AS display_name_6, t0.state AS state_7, t0.permissao AS permissao_8, t0.email AS email_9, t0.telefone AS telefone_10, t0.celular AS celular_11, t0.cep AS cep_12, t0.estado AS estado_13, t0.cidade AS cidade_14, t0.bairro AS bairro_15, t0.endereco AS endereco_16, t0.complemento AS complemento_17, t0.activation_key AS activation_key_18, t0.salt AS salt_19, t0.data_alteracao AS data_alteracao_20, t0.data_cadastro AS data_cadastro_21, t0.status AS status_22 FROM usuarios t0 WHERE t0.id = ?
	PARAMS: [3]
	TYPES: ["integer"]
2015-05-20T23:58:56-03:00 DEBUG (7): SQL: SELECT t0.id AS id_1, t0.nome AS nome_2, t0.username AS username_3, t0.password AS password_4, t0.confirmesenha AS confirmesenha_5, t0.display_name AS display_name_6, t0.state AS state_7, t0.permissao AS permissao_8, t0.email AS email_9, t0.telefone AS telefone_10, t0.celular AS celular_11, t0.cep AS cep_12, t0.estado AS estado_13, t0.cidade AS cidade_14, t0.bairro AS bairro_15, t0.endereco AS endereco_16, t0.complemento AS complemento_17, t0.activation_key AS activation_key_18, t0.salt AS salt_19, t0.data_alteracao AS data_alteracao_20, t0.data_cadastro AS data_cadastro_21, t0.status AS status_22 FROM usuarios t0 WHERE t0.id = ?
	PARAMS: [3]
	TYPES: ["integer"]
2015-05-20T23:58:56-03:00 DEBUG (7): SQL: SELECT t0.id AS id_1, t0.nome AS nome_2, t0.username AS username_3, t0.password AS password_4, t0.confirmesenha AS confirmesenha_5, t0.display_name AS display_name_6, t0.state AS state_7, t0.permissao AS permissao_8, t0.email AS email_9, t0.telefone AS telefone_10, t0.celular AS celular_11, t0.cep AS cep_12, t0.estado AS estado_13, t0.cidade AS cidade_14, t0.bairro AS bairro_15, t0.endereco AS endereco_16, t0.complemento AS complemento_17, t0.activation_key AS activation_key_18, t0.salt AS salt_19, t0.data_alteracao AS data_alteracao_20, t0.data_cadastro AS data_cadastro_21, t0.status AS status_22 FROM usuarios t0 WHERE t0.id = ?
	PARAMS: [3]
	TYPES: ["integer"]
